2024-11-11 08:15:53 [INFO] 服务器启动中...
2024-11-11 08:15:53 [INFO] 数据库配置:
2024-11-11 08:15:53 [INFO] Host: localhost
2024-11-11 08:15:53 [INFO] Database: qq_db
2024-11-11 08:15:53 [INFO] User: root
2024-11-11 08:15:53 [INFO] 数据库连接成功
2024-11-11 08:15:53 [INFO] 数据库连接成功
2024-11-11 08:15:53 [INFO] 服务器启动成功，监听端口: 54321
2024-11-11 08:15:53 [INFO] 服务器启动在端口: 54321
2024-11-11 08:16:09 [INFO] 新客户端连接: 127.0.0.1:45594
2024-11-11 08:16:58 [INFO] 服务器启动中...
2024-11-11 08:16:58 [INFO] 数据库配置:
2024-11-11 08:16:58 [INFO] Host: localhost
2024-11-11 08:16:58 [INFO] Database: qq_db
2024-11-11 08:16:58 [INFO] User: root
2024-11-11 08:16:58 [INFO] 数据库连接成功
2024-11-11 08:16:58 [INFO] 数据库连接成功
2024-11-11 08:16:58 [INFO] 服务器启动成功，监听端口: 54321
2024-11-11 08:16:58 [INFO] 服务器启动在端口: 54321
2024-11-11 08:17:14 [INFO] 新客户端连接: 127.0.0.1:44124
2024-11-11 08:21:00 [INFO] 服务器启动中...
2024-11-11 08:21:00 [INFO] 数据库配置:
2024-11-11 08:21:00 [INFO] Host: localhost
2024-11-11 08:21:00 [INFO] Database: qq_db
2024-11-11 08:21:00 [INFO] User: root
2024-11-11 08:21:00 [INFO] 数据库连接成功
2024-11-11 08:21:00 [INFO] 数据库连接成功
2024-11-11 08:21:00 [INFO] 服务器启动成功，监听端口: 54321
2024-11-11 08:21:00 [INFO] 服务器启动在端口: 54321
2024-11-11 08:21:11 [INFO] 新客户端连接: 127.0.0.1:49034
2024-11-11 08:23:20 [INFO] 服务器启动中...
2024-11-11 08:23:20 [INFO] 数据库配置:
2024-11-11 08:23:20 [INFO] Host: localhost
2024-11-11 08:23:20 [INFO] Database: qq_db
2024-11-11 08:23:20 [INFO] User: root
2024-11-11 08:23:20 [INFO] 数据库连接成功
2024-11-11 08:23:20 [INFO] 数据库连接成功
2024-11-11 08:23:20 [INFO] 服务器启动成功，监听端口: 54321
2024-11-11 08:23:20 [INFO] 服务器启动在端口: 54321
2024-11-11 08:23:39 [INFO] 新客户端连接: 127.0.0.1:48894
2024-11-11 08:23:39 [INFO] 开始读取消息
2024-11-11 08:23:39 [INFO] 收到消息头，长度: 152
2024-11-11 08:23:39 [INFO] 收到消息，类型: 6
2024-11-11 08:23:39 [INFO] 处理登录请求
2024-11-11 08:23:39 [INFO] 登录尝试 - 用户名: test
2024-11-11 08:23:39 [INFO] 执行登录验证SQL: SELECT user_id, username FROM users WHERE username='test' AND password_hash='123456'
2024-11-11 08:23:39 [WARNING] 用户 test 认证失败
2024-11-11 08:23:39 [WARNING] 用户登录失败: test
2024-11-11 08:23:39 [INFO] 发送登录响应 - 失败
2024-11-11 08:23:39 [INFO] 消息发送成功，长度: 195
2024-11-11 08:23:39 [INFO] 开始读取消息
2024-11-11 08:23:54 [INFO] 收到消息头，长度: 152
2024-11-11 08:23:54 [INFO] 收到消息，类型: 6
2024-11-11 08:23:54 [INFO] 处理登录请求
2024-11-11 08:23:54 [INFO] 登录尝试 - 用户名: test
2024-11-11 08:23:54 [INFO] 执行登录验证SQL: SELECT user_id, username FROM users WHERE username='test' AND password_hash='123456'
2024-11-11 08:23:54 [WARNING] 用户 test 认证失败
2024-11-11 08:23:54 [WARNING] 用户登录失败: test
2024-11-11 08:23:54 [INFO] 发送登录响应 - 失败
2024-11-11 08:23:54 [INFO] 消息发送成功，长度: 195
2024-11-11 08:23:54 [INFO] 开始读取消息
2024-11-11 08:24:18 [INFO] 收到消息头，长度: 153
2024-11-11 08:24:18 [INFO] 收到消息，类型: 6
2024-11-11 08:24:18 [INFO] 处理登录请求
2024-11-11 08:24:18 [INFO] 登录尝试 - 用户名: test1
2024-11-11 08:24:18 [INFO] 执行登录验证SQL: SELECT user_id, username FROM users WHERE username='test1' AND password_hash='123456'
2024-11-11 08:24:18 [WARNING] 用户 test1 认证失败
2024-11-11 08:24:18 [WARNING] 用户登录失败: test1
2024-11-11 08:24:18 [INFO] 发送登录响应 - 失败
2024-11-11 08:24:18 [INFO] 消息发送成功，长度: 195
2024-11-11 08:24:18 [INFO] 开始读取消息
2024-11-11 08:24:24 [ERROR] 读取消息长度失败: End of file
2024-11-11 08:31:23 [INFO] 服务器启动中...
2024-11-11 08:31:23 [INFO] 数据库配置:
2024-11-11 08:31:23 [INFO] Host: localhost
2024-11-11 08:31:23 [INFO] Database: qq_db
2024-11-11 08:31:23 [INFO] User: root
2024-11-11 08:31:23 [INFO] 数据库连接成功
2024-11-11 08:31:23 [INFO] 数据库连接成功
2024-11-11 08:31:23 [INFO] 服务器启动成功，监听端口: 54321
2024-11-11 08:31:23 [INFO] 服务器启动在端口: 54321
2024-11-11 08:31:40 [INFO] 新客户端连接: 127.0.0.1:42414
2024-11-11 08:31:40 [INFO] 开始读取消息
2024-11-11 08:31:40 [INFO] 收到消息头，长度: 152
2024-11-11 08:31:40 [INFO] 收到消息，类型: 6
2024-11-11 08:31:40 [INFO] 处理登录请求
2024-11-11 08:31:40 [INFO] 登录尝试 - 用户名: test
2024-11-11 08:31:40 [INFO] 验证用户登录 - 用户名: test
2024-11-11 08:31:40 [INFO] 生成密码哈希: 8d969eef6ecad3c29a3a629280e686cf0c3f5d5a86aff3ca12020c923adc6c92
2024-11-11 08:31:40 [INFO] 密码哈希值: 8d969eef6ecad3c29a3a629280e686cf0c3f5d5a86aff3ca12020c923adc6c92
2024-11-11 08:31:40 [INFO] 执行SQL: SELECT user_id, password_hash FROM users WHERE username = 'test'
2024-11-11 08:31:40 [INFO] 数据库中的密码哈希: 8d969eef6ecad3c29a3a629280e686cf0c3f5d5a86aff3ca12020c923adc6c92
2024-11-11 08:31:40 [INFO] 密码验证成功，用户ID: 1
2024-11-11 08:31:40 [INFO] 用户登录成功: test (ID: 1)
2024-11-11 08:31:40 [INFO] 执行SQL: UPDATE users SET status = 1 WHERE user_id = 1
2024-11-11 08:31:40 [INFO] SQL执行成功
2024-11-11 08:31:40 [INFO] 用户 1 状态更新为: 在线
2024-11-11 08:31:40 [INFO] 发送登录响应 - 成功
2024-11-11 08:31:40 [INFO] 消息发送成功，长度: 136
2024-11-11 08:31:40 [INFO] 获取 0 条离线消息 - 用户1
2024-11-11 08:31:40 [INFO] 清除离线消息 - 用户1
2024-11-11 08:31:40 [INFO] 开始读取消息
2024-11-11 08:31:56 [ERROR] 读取消息长度失败: End of file
2024-11-11 09:36:54 [INFO] 服务器启动中...
2024-11-11 09:36:54 [INFO] 数据库配置:
2024-11-11 09:36:54 [INFO] Host: localhost
2024-11-11 09:36:54 [INFO] Database: qq_db
2024-11-11 09:36:54 [INFO] User: root
2024-11-11 09:36:54 [INFO] 数据库连接成功
2024-11-11 09:36:54 [INFO] 数据库连接成功
2024-11-11 09:36:54 [INFO] 服务器启动成功，监听端口: 54321
2024-11-11 09:36:54 [INFO] 服务器启动在端口: 54321
2024-11-11 09:37:10 [INFO] 新客户端连接: 127.0.0.1:38914
2024-11-11 09:37:10 [INFO] 开始读取消息
2024-11-11 09:37:10 [INFO] 收到消息头，长度: 153
2024-11-11 09:37:10 [INFO] 收到消息，类型: 6
2024-11-11 09:37:10 [INFO] 处理登录请求
2024-11-11 09:37:10 [INFO] 登录尝试 - 用户名: test
2024-11-11 09:37:10 [INFO] 验证用户登录 - 用户名: test
2024-11-11 09:37:10 [INFO] 生成密码哈希: 8bb0cf6eb9b17d0f7d22b456f121257dc1254e1f01665370476383ea776df414
2024-11-11 09:37:10 [INFO] 密码哈希值: 8bb0cf6eb9b17d0f7d22b456f121257dc1254e1f01665370476383ea776df414
2024-11-11 09:37:10 [INFO] 执行SQL: SELECT user_id, password_hash FROM users WHERE username = 'test'
2024-11-11 09:37:10 [INFO] 数据库中的密码哈希: 8d969eef6ecad3c29a3a629280e686cf0c3f5d5a86aff3ca12020c923adc6c92
2024-11-11 09:37:10 [WARNING] 密码不匹配
2024-11-11 09:37:10 [WARNING] 用户登录失败: test
2024-11-11 09:37:10 [INFO] 发送登录响应 - 失败
2024-11-11 09:37:10 [INFO] 消息发送成功，长度: 195
2024-11-11 09:37:10 [INFO] 开始读取消息
2024-11-11 09:37:13 [INFO] 收到消息头，长度: 152
2024-11-11 09:37:13 [INFO] 收到消息，类型: 6
2024-11-11 09:37:13 [INFO] 处理登录请求
2024-11-11 09:37:13 [INFO] 登录尝试 - 用户名: test
2024-11-11 09:37:13 [INFO] 验证用户登录 - 用户名: test
2024-11-11 09:37:13 [INFO] 生成密码哈希: 8d969eef6ecad3c29a3a629280e686cf0c3f5d5a86aff3ca12020c923adc6c92
2024-11-11 09:37:13 [INFO] 密码哈希值: 8d969eef6ecad3c29a3a629280e686cf0c3f5d5a86aff3ca12020c923adc6c92
2024-11-11 09:37:13 [INFO] 执行SQL: SELECT user_id, password_hash FROM users WHERE username = 'test'
2024-11-11 09:37:13 [INFO] 数据库中的密码哈希: 8d969eef6ecad3c29a3a629280e686cf0c3f5d5a86aff3ca12020c923adc6c92
2024-11-11 09:37:13 [INFO] 密码验证成功，用户ID: 1
2024-11-11 09:37:13 [INFO] 用户登录成功: test (ID: 1)
2024-11-11 09:37:13 [INFO] 执行SQL: UPDATE users SET status = 1 WHERE user_id = 1
2024-11-11 09:37:13 [INFO] SQL执行成功
2024-11-11 09:37:13 [INFO] 用户 1 状态更新为: 在线
2024-11-11 09:37:13 [INFO] 发送登录响应 - 成功
2024-11-11 09:37:13 [INFO] 消息发送成功，长度: 136
2024-11-11 09:37:13 [INFO] 获取 0 条离线消息 - 用户1
2024-11-11 09:37:13 [INFO] 清除离线消息 - 用户1
2024-11-11 09:37:13 [INFO] 开始读取消息
2024-11-11 09:37:45 [INFO] 新客户端连接: 127.0.0.1:40836
2024-11-11 09:37:45 [INFO] 开始读取消息
2024-11-11 09:37:45 [ERROR] 读取消息长度失败: Operation canceled
2024-11-11 09:37:45 [INFO] 收到消息头，长度: 153
2024-11-11 09:37:45 [INFO] 收到消息，类型: 6
2024-11-11 09:37:45 [INFO] 处理登录请求
2024-11-11 09:37:45 [INFO] 登录尝试 - 用户名: test1
2024-11-11 09:37:45 [INFO] 验证用户登录 - 用户名: test1
2024-11-11 09:37:45 [INFO] 生成密码哈希: 8d969eef6ecad3c29a3a629280e686cf0c3f5d5a86aff3ca12020c923adc6c92
2024-11-11 09:37:45 [INFO] 密码哈希值: 8d969eef6ecad3c29a3a629280e686cf0c3f5d5a86aff3ca12020c923adc6c92
2024-11-11 09:37:45 [INFO] 执行SQL: SELECT user_id, password_hash FROM users WHERE username = 'test1'
2024-11-11 09:37:45 [INFO] 数据库中的密码哈希: 8d969eef6ecad3c29a3a629280e686cf0c3f5d5a86aff3ca12020c923adc6c92
2024-11-11 09:37:45 [INFO] 密码验证成功，用户ID: 2
2024-11-11 09:37:45 [INFO] 用户登录成功: test1 (ID: 2)
2024-11-11 09:37:45 [INFO] 执行SQL: UPDATE users SET status = 1 WHERE user_id = 2
2024-11-11 09:37:45 [INFO] SQL执行成功
2024-11-11 09:37:45 [INFO] 用户 2 状态更新为: 在线
2024-11-11 09:37:45 [INFO] 发送登录响应 - 成功
2024-11-11 09:37:45 [INFO] 消息发送成功，长度: 136
2024-11-11 09:37:45 [INFO] 获取 0 条离线消息 - 用户2
2024-11-11 09:37:45 [INFO] 清除离线消息 - 用户2
2024-11-11 09:37:45 [INFO] 开始读取消息
2024-11-11 09:38:15 [ERROR] 读取消息长度失败: End of file
2024-11-11 09:44:42 [INFO] 服务器启动中...
2024-11-11 09:44:42 [INFO] 数据库配置:
2024-11-11 09:44:42 [INFO] Host: localhost
2024-11-11 09:44:42 [INFO] Database: qq_db
2024-11-11 09:44:42 [INFO] User: root
2024-11-11 09:44:42 [INFO] 数据库连接成功
2024-11-11 09:44:42 [INFO] 数据库连接成功
2024-11-11 09:44:42 [INFO] 服务器启动成功，监听端口: 54321
2024-11-11 09:44:42 [INFO] 服务器启动在端口: 54321
2024-11-11 09:44:51 [INFO] 新客户端连接: 127.0.0.1:54514
2024-11-11 09:44:51 [INFO] 开始读取消息
2024-11-11 09:44:51 [INFO] 收到消息头，长度: 153
2024-11-11 09:44:51 [INFO] 收到消息，类型: 6
2024-11-11 09:44:51 [INFO] 处理登录请求
2024-11-11 09:44:51 [INFO] 登录尝试 - 用户名: test
2024-11-11 09:44:51 [INFO] 验证用户登录 - 用户名: test
2024-11-11 09:44:51 [INFO] 生成密码哈希: 8bb0cf6eb9b17d0f7d22b456f121257dc1254e1f01665370476383ea776df414
2024-11-11 09:44:51 [INFO] 密码哈希值: 8bb0cf6eb9b17d0f7d22b456f121257dc1254e1f01665370476383ea776df414
2024-11-11 09:44:51 [INFO] 执行SQL: SELECT user_id, password_hash FROM users WHERE username = 'test'
2024-11-11 09:44:51 [INFO] 数据库中的密码哈希: 8d969eef6ecad3c29a3a629280e686cf0c3f5d5a86aff3ca12020c923adc6c92
2024-11-11 09:44:51 [WARNING] 密码不匹配
2024-11-11 09:44:51 [WARNING] 用户登录失败: test
2024-11-11 09:44:51 [INFO] 发送登录响应 - 失败
2024-11-11 09:44:51 [INFO] 消息发送成功，长度: 195
2024-11-11 09:44:51 [INFO] 开始读取消息
2024-11-11 09:44:54 [INFO] 收到消息头，长度: 152
2024-11-11 09:44:54 [INFO] 收到消息，类型: 6
2024-11-11 09:44:54 [INFO] 处理登录请求
2024-11-11 09:44:54 [INFO] 登录尝试 - 用户名: test
2024-11-11 09:44:54 [INFO] 验证用户登录 - 用户名: test
2024-11-11 09:44:54 [INFO] 生成密码哈希: 8d969eef6ecad3c29a3a629280e686cf0c3f5d5a86aff3ca12020c923adc6c92
2024-11-11 09:44:54 [INFO] 密码哈希值: 8d969eef6ecad3c29a3a629280e686cf0c3f5d5a86aff3ca12020c923adc6c92
2024-11-11 09:44:54 [INFO] 执行SQL: SELECT user_id, password_hash FROM users WHERE username = 'test'
2024-11-11 09:44:54 [INFO] 数据库中的密码哈希: 8d969eef6ecad3c29a3a629280e686cf0c3f5d5a86aff3ca12020c923adc6c92
2024-11-11 09:44:54 [INFO] 密码验证成功，用户ID: 1
2024-11-11 09:44:54 [INFO] 用户登录成功: test (ID: 1)
2024-11-11 09:44:54 [INFO] 执行SQL: UPDATE users SET status = 1 WHERE user_id = 1
2024-11-11 09:44:54 [INFO] SQL执行成功
2024-11-11 09:44:54 [INFO] 用户 1 状态更新为: 在线
2024-11-11 09:44:54 [INFO] 发送登录响应 - 成功
2024-11-11 09:44:54 [INFO] 消息发送成功，长度: 136
2024-11-11 09:44:54 [INFO] 获取 0 条离线消息 - 用户1
2024-11-11 09:44:54 [INFO] 清除离线消息 - 用户1
2024-11-11 09:44:54 [INFO] 开始读取消息
2024-11-11 09:45:07 [INFO] 新客户端连接: 127.0.0.1:55330
2024-11-11 09:45:07 [INFO] 开始读取消息
2024-11-11 09:45:07 [ERROR] 读取消息长度失败: Operation canceled
2024-11-11 09:45:07 [INFO] 收到消息头，长度: 153
2024-11-11 09:45:07 [INFO] 收到消息，类型: 6
2024-11-11 09:45:07 [INFO] 处理登录请求
2024-11-11 09:45:07 [INFO] 登录尝试 - 用户名: test1
2024-11-11 09:45:07 [INFO] 验证用户登录 - 用户名: test1
2024-11-11 09:45:07 [INFO] 生成密码哈希: 8d969eef6ecad3c29a3a629280e686cf0c3f5d5a86aff3ca12020c923adc6c92
2024-11-11 09:45:07 [INFO] 密码哈希值: 8d969eef6ecad3c29a3a629280e686cf0c3f5d5a86aff3ca12020c923adc6c92
2024-11-11 09:45:07 [INFO] 执行SQL: SELECT user_id, password_hash FROM users WHERE username = 'test1'
2024-11-11 09:45:07 [INFO] 数据库中的密码哈希: 8d969eef6ecad3c29a3a629280e686cf0c3f5d5a86aff3ca12020c923adc6c92
2024-11-11 09:45:07 [INFO] 密码验证成功，用户ID: 2
2024-11-11 09:45:07 [INFO] 用户登录成功: test1 (ID: 2)
2024-11-11 09:45:07 [INFO] 执行SQL: UPDATE users SET status = 1 WHERE user_id = 2
2024-11-11 09:45:07 [INFO] SQL执行成功
2024-11-11 09:45:07 [INFO] 用户 2 状态更新为: 在线
2024-11-11 09:45:07 [INFO] 发送登录响应 - 成功
2024-11-11 09:45:07 [INFO] 消息发送成功，长度: 136
2024-11-11 09:45:07 [INFO] 获取 0 条离线消息 - 用户2
2024-11-11 09:45:07 [INFO] 清除离线消息 - 用户2
2024-11-11 09:45:07 [INFO] 开始读取消息
2024-11-11 09:45:39 [ERROR] 读取消息长度失败: End of file
2024-11-11 09:53:50 [INFO] 服务器启动中...
2024-11-11 09:53:50 [INFO] 数据库配置:
2024-11-11 09:53:50 [INFO] Host: localhost
2024-11-11 09:53:50 [INFO] Database: qq_db
2024-11-11 09:53:50 [INFO] User: root
2024-11-11 09:53:50 [INFO] 数据库连接成功
2024-11-11 09:53:50 [INFO] 数据库连接成功
2024-11-11 09:53:50 [INFO] 服务器启动成功，监听端口: 54321
2024-11-11 09:53:50 [INFO] 服务器启动在端口: 54321
2024-11-11 09:54:04 [INFO] 新客户端连接: 127.0.0.1:36470
2024-11-11 09:54:04 [INFO] 开始读取消息
2024-11-11 09:54:04 [INFO] 收到消息头，长度: 152
2024-11-11 09:54:04 [INFO] 收到消息，类型: 6
2024-11-11 09:54:04 [INFO] 处理登录请求
2024-11-11 09:54:04 [INFO] 登录尝试 - 用户名: test
2024-11-11 09:54:04 [INFO] 验证用户登录 - 用户名: test
2024-11-11 09:54:04 [INFO] 生成密码哈希: 8d969eef6ecad3c29a3a629280e686cf0c3f5d5a86aff3ca12020c923adc6c92
2024-11-11 09:54:04 [INFO] 密码哈希值: 8d969eef6ecad3c29a3a629280e686cf0c3f5d5a86aff3ca12020c923adc6c92
2024-11-11 09:54:04 [INFO] 执行SQL: SELECT user_id, password_hash FROM users WHERE username = 'test'
2024-11-11 09:54:04 [INFO] 数据库中的密码哈希: 8d969eef6ecad3c29a3a629280e686cf0c3f5d5a86aff3ca12020c923adc6c92
2024-11-11 09:54:04 [INFO] 密码验证成功，用户ID: 1
2024-11-11 09:54:04 [INFO] 用户登录成功: test (ID: 1)
2024-11-11 09:54:04 [INFO] 执行SQL: UPDATE users SET status = 1 WHERE user_id = 1
2024-11-11 09:54:04 [INFO] SQL执行成功
2024-11-11 09:54:04 [INFO] 用户 1 状态更新为: 在线
2024-11-11 09:54:04 [INFO] 发送登录响应 - 成功
2024-11-11 09:54:04 [INFO] 消息发送成功，长度: 136
2024-11-11 09:54:04 [INFO] 获取 0 条离线消息 - 用户1
2024-11-11 09:54:04 [INFO] 清除离线消息 - 用户1
2024-11-11 09:54:04 [INFO] 开始读取消息
2024-11-11 09:54:32 [INFO] 新客户端连接: 127.0.0.1:52704
2024-11-11 09:54:32 [INFO] 开始读取消息
2024-11-11 09:54:32 [ERROR] 读取消息长度失败: Operation canceled
2024-11-11 09:54:32 [INFO] 收到消息头，长度: 153
2024-11-11 09:54:32 [INFO] 收到消息，类型: 6
2024-11-11 09:54:32 [INFO] 处理登录请求
2024-11-11 09:54:32 [INFO] 登录尝试 - 用户名: test1
2024-11-11 09:54:32 [INFO] 验证用户登录 - 用户名: test1
2024-11-11 09:54:32 [INFO] 生成密码哈希: 8d969eef6ecad3c29a3a629280e686cf0c3f5d5a86aff3ca12020c923adc6c92
2024-11-11 09:54:32 [INFO] 密码哈希值: 8d969eef6ecad3c29a3a629280e686cf0c3f5d5a86aff3ca12020c923adc6c92
2024-11-11 09:54:32 [INFO] 执行SQL: SELECT user_id, password_hash FROM users WHERE username = 'test1'
2024-11-11 09:54:32 [INFO] 数据库中的密码哈希: 8d969eef6ecad3c29a3a629280e686cf0c3f5d5a86aff3ca12020c923adc6c92
2024-11-11 09:54:32 [INFO] 密码验证成功，用户ID: 2
2024-11-11 09:54:32 [INFO] 用户登录成功: test1 (ID: 2)
2024-11-11 09:54:32 [INFO] 执行SQL: UPDATE users SET status = 1 WHERE user_id = 2
2024-11-11 09:54:32 [INFO] SQL执行成功
2024-11-11 09:54:32 [INFO] 用户 2 状态更新为: 在线
2024-11-11 09:54:32 [INFO] 发送登录响应 - 成功
2024-11-11 09:54:32 [INFO] 消息发送成功，长度: 136
2024-11-11 09:54:32 [INFO] 获取 0 条离线消息 - 用户2
2024-11-11 09:54:32 [INFO] 清除离线消息 - 用户2
2024-11-11 09:54:32 [INFO] 开始读取消息
2024-11-11 09:55:21 [ERROR] 读取消息长度失败: End of file
2024-11-11 10:00:13 [INFO] 服务器启动中...
2024-11-11 10:00:13 [INFO] 数据库配置:
2024-11-11 10:00:13 [INFO] Host: localhost
2024-11-11 10:00:13 [INFO] Database: qq_db
2024-11-11 10:00:13 [INFO] User: root
2024-11-11 10:00:13 [INFO] 数据库连接成功
2024-11-11 10:00:13 [INFO] 数据库连接成功
2024-11-11 10:00:13 [INFO] 服务器启动成功，监听端口: 54321
2024-11-11 10:00:13 [INFO] 服务器启动在端口: 54321
2024-11-11 10:00:22 [INFO] 新客户端连接: 127.0.0.1:56670
2024-11-11 10:00:22 [INFO] 开始读取消息
2024-11-11 10:00:22 [INFO] 收到消息头，长度: 152
2024-11-11 10:00:22 [INFO] 收到消息，类型: 6
2024-11-11 10:00:22 [INFO] 处理登录请求
2024-11-11 10:00:22 [INFO] 登录尝试 - 用户名: test
2024-11-11 10:00:22 [INFO] 验证用户登录 - 用户名: test
2024-11-11 10:00:22 [INFO] 生成密码哈希: 8d969eef6ecad3c29a3a629280e686cf0c3f5d5a86aff3ca12020c923adc6c92
2024-11-11 10:00:22 [INFO] 密码哈希值: 8d969eef6ecad3c29a3a629280e686cf0c3f5d5a86aff3ca12020c923adc6c92
2024-11-11 10:00:22 [INFO] 执行SQL: SELECT user_id, password_hash FROM users WHERE username = 'test'
2024-11-11 10:00:22 [INFO] 数据库中的密码哈希: 8d969eef6ecad3c29a3a629280e686cf0c3f5d5a86aff3ca12020c923adc6c92
2024-11-11 10:00:22 [INFO] 密码验证成功，用户ID: 1
2024-11-11 10:00:22 [INFO] 用户登录成功: test (ID: 1)
2024-11-11 10:00:22 [INFO] 执行SQL: UPDATE users SET status = 1 WHERE user_id = 1
2024-11-11 10:00:22 [INFO] SQL执行成功
2024-11-11 10:00:22 [INFO] 用户 1 状态更新为: 在线
2024-11-11 10:00:22 [INFO] 发送登录响应 - 成功
2024-11-11 10:00:22 [INFO] 消息发送成功，长度: 136
2024-11-11 10:00:22 [INFO] 获取 0 条离线消息 - 用户1
2024-11-11 10:00:22 [INFO] 清除离线消息 - 用户1
2024-11-11 10:00:22 [INFO] 开始读取消息
2024-11-11 10:01:33 [INFO] 新客户端连接: 127.0.0.1:57192
2024-11-11 10:01:33 [INFO] 开始读取消息
2024-11-11 10:01:33 [ERROR] 读取消息长度失败: Operation canceled
2024-11-11 10:01:33 [INFO] 收到消息头，长度: 153
2024-11-11 10:01:33 [INFO] 收到消息，类型: 6
2024-11-11 10:01:33 [INFO] 处理登录请求
2024-11-11 10:01:33 [INFO] 登录尝试 - 用户名: test1
2024-11-11 10:01:33 [INFO] 验证用户登录 - 用户名: test1
2024-11-11 10:01:33 [INFO] 生成密码哈希: 8d969eef6ecad3c29a3a629280e686cf0c3f5d5a86aff3ca12020c923adc6c92
2024-11-11 10:01:33 [INFO] 密码哈希值: 8d969eef6ecad3c29a3a629280e686cf0c3f5d5a86aff3ca12020c923adc6c92
2024-11-11 10:01:33 [INFO] 执行SQL: SELECT user_id, password_hash FROM users WHERE username = 'test1'
2024-11-11 10:01:33 [INFO] 数据库中的密码哈希: 8d969eef6ecad3c29a3a629280e686cf0c3f5d5a86aff3ca12020c923adc6c92
2024-11-11 10:01:33 [INFO] 密码验证成功，用户ID: 2
2024-11-11 10:01:33 [INFO] 用户登录成功: test1 (ID: 2)
2024-11-11 10:01:33 [INFO] 执行SQL: UPDATE users SET status = 1 WHERE user_id = 2
2024-11-11 10:01:33 [INFO] SQL执行成功
2024-11-11 10:01:33 [INFO] 用户 2 状态更新为: 在线
2024-11-11 10:01:33 [INFO] 发送登录响应 - 成功
2024-11-11 10:01:33 [INFO] 消息发送成功，长度: 136
2024-11-11 10:01:33 [INFO] 获取 0 条离线消息 - 用户2
2024-11-11 10:01:33 [INFO] 清除离线消息 - 用户2
2024-11-11 10:01:33 [INFO] 开始读取消息
2024-11-11 10:01:39 [ERROR] 读取消息长度失败: End of file
2024-11-11 10:07:31 [INFO] 服务器启动中...
2024-11-11 10:07:31 [INFO] 数据库配置:
2024-11-11 10:07:31 [INFO] Host: localhost
2024-11-11 10:07:31 [INFO] Database: qq_db
2024-11-11 10:07:31 [INFO] User: root
2024-11-11 10:07:31 [INFO] 数据库连接成功
2024-11-11 10:07:31 [INFO] 数据库连接成功
2024-11-11 10:07:31 [INFO] 服务器启动成功，监听端口: 54321
2024-11-11 10:07:31 [INFO] 服务器启动在端口: 54321
2024-11-11 10:07:41 [INFO] 新客户端连接: 127.0.0.1:39128
2024-11-11 10:07:41 [INFO] 开始读取消息
2024-11-11 10:07:41 [INFO] 收到消息头，长度: 152
2024-11-11 10:07:41 [INFO] 收到消息，类型: 6
2024-11-11 10:07:41 [INFO] 处理登录请求
2024-11-11 10:07:41 [INFO] 登录尝试 - 用户名: test
2024-11-11 10:07:41 [INFO] 验证用户登录 - 用户名: test
2024-11-11 10:07:41 [INFO] 生成密码哈希: 8d969eef6ecad3c29a3a629280e686cf0c3f5d5a86aff3ca12020c923adc6c92
2024-11-11 10:07:41 [INFO] 密码哈希值: 8d969eef6ecad3c29a3a629280e686cf0c3f5d5a86aff3ca12020c923adc6c92
2024-11-11 10:07:41 [INFO] 执行SQL: SELECT user_id, password_hash FROM users WHERE username = 'test'
2024-11-11 10:07:41 [INFO] 数据库中的密码哈希: 8d969eef6ecad3c29a3a629280e686cf0c3f5d5a86aff3ca12020c923adc6c92
2024-11-11 10:07:41 [INFO] 密码验证成功，用户ID: 1
2024-11-11 10:07:41 [INFO] 用户登录成功: test (ID: 1)
2024-11-11 10:07:41 [INFO] 执行SQL: UPDATE users SET status = 1 WHERE user_id = 1
2024-11-11 10:07:41 [INFO] SQL执行成功
2024-11-11 10:07:41 [INFO] 用户 1 状态更新为: 在线
2024-11-11 10:07:41 [INFO] 发送登录响应 - 成功
2024-11-11 10:07:41 [INFO] 消息发送成功，长度: 136
2024-11-11 10:07:41 [INFO] 获取 0 条离线消息 - 用户1
2024-11-11 10:07:41 [INFO] 清除离线消息 - 用户1
2024-11-11 10:07:41 [INFO] 开始读取消息
2024-11-11 10:08:01 [INFO] 新客户端连接: 127.0.0.1:39966
2024-11-11 10:08:01 [INFO] 开始读取消息
2024-11-11 10:08:01 [ERROR] 读取消息长度失败: Operation canceled
2024-11-11 10:08:01 [INFO] 收到消息头，长度: 153
2024-11-11 10:08:01 [INFO] 收到消息，类型: 6
2024-11-11 10:08:01 [INFO] 处理登录请求
2024-11-11 10:08:01 [INFO] 登录尝试 - 用户名: test1
2024-11-11 10:08:01 [INFO] 验证用户登录 - 用户名: test1
2024-11-11 10:08:01 [INFO] 生成密码哈希: 8d969eef6ecad3c29a3a629280e686cf0c3f5d5a86aff3ca12020c923adc6c92
2024-11-11 10:08:01 [INFO] 密码哈希值: 8d969eef6ecad3c29a3a629280e686cf0c3f5d5a86aff3ca12020c923adc6c92
2024-11-11 10:08:01 [INFO] 执行SQL: SELECT user_id, password_hash FROM users WHERE username = 'test1'
2024-11-11 10:08:01 [INFO] 数据库中的密码哈希: 8d969eef6ecad3c29a3a629280e686cf0c3f5d5a86aff3ca12020c923adc6c92
2024-11-11 10:08:01 [INFO] 密码验证成功，用户ID: 2
2024-11-11 10:08:01 [INFO] 用户登录成功: test1 (ID: 2)
2024-11-11 10:08:01 [INFO] 执行SQL: UPDATE users SET status = 1 WHERE user_id = 2
2024-11-11 10:08:01 [INFO] SQL执行成功
2024-11-11 10:08:01 [INFO] 用户 2 状态更新为: 在线
2024-11-11 10:08:01 [INFO] 发送登录响应 - 成功
2024-11-11 10:08:01 [INFO] 消息发送成功，长度: 136
2024-11-11 10:08:01 [INFO] 获取 0 条离线消息 - 用户2
2024-11-11 10:08:01 [INFO] 清除离线消息 - 用户2
2024-11-11 10:08:01 [INFO] 开始读取消息
2024-11-11 10:08:14 [ERROR] 读取消息长度失败: End of file
2024-11-11 10:11:47 [INFO] 服务器启动中...
2024-11-11 10:11:47 [INFO] 数据库配置:
2024-11-11 10:11:47 [INFO] Host: localhost
2024-11-11 10:11:47 [INFO] Database: qq_db
2024-11-11 10:11:47 [INFO] User: root
2024-11-11 10:11:47 [INFO] 数据库连接成功
2024-11-11 10:11:47 [INFO] 数据库连接成功
2024-11-11 10:11:47 [INFO] 服务器启动成功，监听端口: 54321
2024-11-11 10:11:47 [INFO] 服务器启动在端口: 54321
2024-11-11 10:12:06 [INFO] 新客户端连接: 127.0.0.1:40502
2024-11-11 10:12:06 [INFO] 开始读取消息
2024-11-11 10:12:06 [INFO] 收到消息头，长度: 152
2024-11-11 10:12:06 [INFO] 收到消息，类型: 6
2024-11-11 10:12:06 [INFO] 处理登录请求
2024-11-11 10:12:06 [INFO] 登录尝试 - 用户名: test
2024-11-11 10:12:06 [INFO] 验证用户登录 - 用户名: test
2024-11-11 10:12:06 [INFO] 生成密码哈希: 8d969eef6ecad3c29a3a629280e686cf0c3f5d5a86aff3ca12020c923adc6c92
2024-11-11 10:12:06 [INFO] 密码哈希值: 8d969eef6ecad3c29a3a629280e686cf0c3f5d5a86aff3ca12020c923adc6c92
2024-11-11 10:12:06 [INFO] 执行SQL: SELECT user_id, password_hash FROM users WHERE username = 'test'
2024-11-11 10:12:06 [INFO] 数据库中的密码哈希: 8d969eef6ecad3c29a3a629280e686cf0c3f5d5a86aff3ca12020c923adc6c92
2024-11-11 10:12:06 [INFO] 密码验证成功，用户ID: 1
2024-11-11 10:12:06 [INFO] 用户登录成功: test (ID: 1)
2024-11-11 10:12:06 [INFO] 执行SQL: UPDATE users SET status = 1 WHERE user_id = 1
2024-11-11 10:12:06 [INFO] SQL执行成功
2024-11-11 10:12:06 [INFO] 用户 1 状态更新为: 在线
2024-11-11 10:12:06 [INFO] 发送登录响应 - 成功
2024-11-11 10:12:06 [INFO] 消息发送成功，长度: 136
2024-11-11 10:12:06 [INFO] 获取 0 条离线消息 - 用户1
2024-11-11 10:12:06 [INFO] 清除离线消息 - 用户1
2024-11-11 10:12:06 [INFO] 开始读取消息
2024-11-11 10:12:25 [INFO] 新客户端连接: 127.0.0.1:42554
2024-11-11 10:12:25 [INFO] 开始读取消息
2024-11-11 10:12:25 [ERROR] 读取消息长度失败: Operation canceled
2024-11-11 10:12:25 [INFO] 收到消息头，长度: 153
2024-11-11 10:12:25 [INFO] 收到消息，类型: 6
2024-11-11 10:12:25 [INFO] 处理登录请求
2024-11-11 10:12:25 [INFO] 登录尝试 - 用户名: test1
2024-11-11 10:12:25 [INFO] 验证用户登录 - 用户名: test1
2024-11-11 10:12:25 [INFO] 生成密码哈希: 8d969eef6ecad3c29a3a629280e686cf0c3f5d5a86aff3ca12020c923adc6c92
2024-11-11 10:12:25 [INFO] 密码哈希值: 8d969eef6ecad3c29a3a629280e686cf0c3f5d5a86aff3ca12020c923adc6c92
2024-11-11 10:12:25 [INFO] 执行SQL: SELECT user_id, password_hash FROM users WHERE username = 'test1'
2024-11-11 10:12:25 [INFO] 数据库中的密码哈希: 8d969eef6ecad3c29a3a629280e686cf0c3f5d5a86aff3ca12020c923adc6c92
2024-11-11 10:12:25 [INFO] 密码验证成功，用户ID: 2
2024-11-11 10:12:25 [INFO] 用户登录成功: test1 (ID: 2)
2024-11-11 10:12:25 [INFO] 执行SQL: UPDATE users SET status = 1 WHERE user_id = 2
2024-11-11 10:12:25 [INFO] SQL执行成功
2024-11-11 10:12:25 [INFO] 用户 2 状态更新为: 在线
2024-11-11 10:12:25 [INFO] 发送登录响应 - 成功
2024-11-11 10:12:25 [INFO] 消息发送成功，长度: 136
2024-11-11 10:12:25 [INFO] 获取 0 条离线消息 - 用户2
2024-11-11 10:12:25 [INFO] 清除离线消息 - 用户2
2024-11-11 10:12:25 [INFO] 开始读取消息
2024-11-11 10:12:55 [ERROR] 读取消息长度失败: End of file
2024-11-11 10:15:15 [INFO] 服务器启动中...
2024-11-11 10:15:15 [INFO] 数据库配置:
2024-11-11 10:15:15 [INFO] Host: localhost
2024-11-11 10:15:15 [INFO] Database: qq_db
2024-11-11 10:15:15 [INFO] User: root
2024-11-11 10:15:15 [INFO] 数据库连接成功
2024-11-11 10:15:15 [INFO] 数据库连接成功
2024-11-11 10:15:15 [INFO] 服务器启动成功，监听端口: 54321
2024-11-11 10:15:15 [INFO] 服务器启动在端口: 54321
2024-11-11 10:15:41 [INFO] 新客户端连接: 127.0.0.1:56858
2024-11-11 10:15:41 [INFO] 开始读取消息
2024-11-11 10:15:41 [INFO] 收到消息头，长度: 152
2024-11-11 10:15:41 [INFO] 收到消息，类型: 6
2024-11-11 10:15:41 [INFO] 处理登录请求
2024-11-11 10:15:41 [INFO] 登录尝试 - 用户名: test
2024-11-11 10:15:41 [INFO] 验证用户登录 - 用户名: test
2024-11-11 10:15:41 [INFO] 生成密码哈希: 8d969eef6ecad3c29a3a629280e686cf0c3f5d5a86aff3ca12020c923adc6c92
2024-11-11 10:15:41 [INFO] 密码哈希值: 8d969eef6ecad3c29a3a629280e686cf0c3f5d5a86aff3ca12020c923adc6c92
2024-11-11 10:15:41 [INFO] 执行SQL: SELECT user_id, password_hash FROM users WHERE username = 'test'
2024-11-11 10:15:41 [INFO] 数据库中的密码哈希: 8d969eef6ecad3c29a3a629280e686cf0c3f5d5a86aff3ca12020c923adc6c92
2024-11-11 10:15:41 [INFO] 密码验证成功，用户ID: 1
2024-11-11 10:15:41 [INFO] 用户登录成功: test (ID: 1)
2024-11-11 10:15:41 [INFO] 执行SQL: UPDATE users SET status = 1 WHERE user_id = 1
2024-11-11 10:15:41 [INFO] SQL执行成功
2024-11-11 10:15:41 [INFO] 用户 1 状态更新为: 在线
2024-11-11 10:15:41 [INFO] 发送登录响应 - 成功
2024-11-11 10:15:41 [INFO] 消息发送成功，长度: 136
2024-11-11 10:15:41 [INFO] 获取 0 条离线消息 - 用户1
2024-11-11 10:15:41 [INFO] 清除离线消息 - 用户1
2024-11-11 10:15:41 [INFO] 开始读取消息
2024-11-11 10:15:54 [INFO] 新客户端连接: 127.0.0.1:48068
2024-11-11 10:15:54 [INFO] 开始读取消息
2024-11-11 10:15:54 [ERROR] 读取消息长度失败: Operation canceled
2024-11-11 10:15:54 [INFO] 收到消息头，长度: 153
2024-11-11 10:15:54 [INFO] 收到消息，类型: 6
2024-11-11 10:15:54 [INFO] 处理登录请求
2024-11-11 10:15:54 [INFO] 登录尝试 - 用户名: test1
2024-11-11 10:15:54 [INFO] 验证用户登录 - 用户名: test1
2024-11-11 10:15:54 [INFO] 生成密码哈希: 8d969eef6ecad3c29a3a629280e686cf0c3f5d5a86aff3ca12020c923adc6c92
2024-11-11 10:15:54 [INFO] 密码哈希值: 8d969eef6ecad3c29a3a629280e686cf0c3f5d5a86aff3ca12020c923adc6c92
2024-11-11 10:15:54 [INFO] 执行SQL: SELECT user_id, password_hash FROM users WHERE username = 'test1'
2024-11-11 10:15:54 [INFO] 数据库中的密码哈希: 8d969eef6ecad3c29a3a629280e686cf0c3f5d5a86aff3ca12020c923adc6c92
2024-11-11 10:15:54 [INFO] 密码验证成功，用户ID: 2
2024-11-11 10:15:54 [INFO] 用户登录成功: test1 (ID: 2)
2024-11-11 10:15:54 [INFO] 执行SQL: UPDATE users SET status = 1 WHERE user_id = 2
2024-11-11 10:15:54 [INFO] SQL执行成功
2024-11-11 10:15:54 [INFO] 用户 2 状态更新为: 在线
2024-11-11 10:15:54 [INFO] 发送登录响应 - 成功
2024-11-11 10:15:54 [INFO] 消息发送成功，长度: 136
2024-11-11 10:15:54 [INFO] 获取 0 条离线消息 - 用户2
2024-11-11 10:15:54 [INFO] 清除离线消息 - 用户2
2024-11-11 10:15:54 [INFO] 开始读取消息
2024-11-11 10:16:05 [ERROR] 读取消息长度失败: End of file
2024-11-11 10:18:35 [INFO] 服务器启动中...
2024-11-11 10:18:35 [INFO] 数据库配置:
2024-11-11 10:18:35 [INFO] Host: localhost
2024-11-11 10:18:35 [INFO] Database: qq_db
2024-11-11 10:18:35 [INFO] User: root
2024-11-11 10:18:35 [INFO] 数据库连接成功
2024-11-11 10:18:35 [INFO] 数据库连接成功
2024-11-11 10:18:35 [INFO] 服务器启动成功，监听端口: 54321
2024-11-11 10:18:35 [INFO] 服务器启动在端口: 54321
2024-11-11 10:18:45 [INFO] 新客户端连接: 127.0.0.1:47290
2024-11-11 10:18:45 [INFO] 开始读取消息
2024-11-11 10:18:45 [INFO] 收到消息头，长度: 152
2024-11-11 10:18:45 [INFO] 收到消息，类型: 6
2024-11-11 10:18:45 [INFO] 处理登录请求
2024-11-11 10:18:45 [INFO] 登录尝试 - 用户名: test
2024-11-11 10:18:45 [INFO] 验证用户登录 - 用户名: test
2024-11-11 10:18:45 [INFO] 生成密码哈希: 8d969eef6ecad3c29a3a629280e686cf0c3f5d5a86aff3ca12020c923adc6c92
2024-11-11 10:18:45 [INFO] 密码哈希值: 8d969eef6ecad3c29a3a629280e686cf0c3f5d5a86aff3ca12020c923adc6c92
2024-11-11 10:18:45 [INFO] 执行SQL: SELECT user_id, password_hash FROM users WHERE username = 'test'
2024-11-11 10:18:45 [INFO] 数据库中的密码哈希: 8d969eef6ecad3c29a3a629280e686cf0c3f5d5a86aff3ca12020c923adc6c92
2024-11-11 10:18:45 [INFO] 密码验证成功，用户ID: 1
2024-11-11 10:18:45 [INFO] 用户登录成功: test (ID: 1)
2024-11-11 10:18:45 [INFO] 执行SQL: UPDATE users SET status = 1 WHERE user_id = 1
2024-11-11 10:18:45 [INFO] SQL执行成功
2024-11-11 10:18:45 [INFO] 用户 1 状态更新为: 在线
2024-11-11 10:18:45 [INFO] 发送登录响应 - 成功
2024-11-11 10:18:45 [INFO] 消息发送成功，长度: 136
2024-11-11 10:18:45 [INFO] 获取 0 条离线消息 - 用户1
2024-11-11 10:18:45 [INFO] 清除离线消息 - 用户1
2024-11-11 10:18:45 [INFO] 开始读取消息
2024-11-11 10:18:45 [INFO] 收到消息头，长度: 114
2024-11-11 10:18:45 [INFO] 收到消息，类型: 16
2024-11-11 10:18:45 [INFO] 开始读取消息
2024-11-11 10:18:59 [INFO] 新客户端连接: 127.0.0.1:59638
2024-11-11 10:18:59 [INFO] 开始读取消息
2024-11-11 10:18:59 [ERROR] 读取消息长度失败: Operation canceled
2024-11-11 10:18:59 [INFO] 收到消息头，长度: 153
2024-11-11 10:18:59 [INFO] 收到消息，类型: 6
2024-11-11 10:18:59 [INFO] 处理登录请求
2024-11-11 10:18:59 [INFO] 登录尝试 - 用户名: test1
2024-11-11 10:18:59 [INFO] 验证用户登录 - 用户名: test1
2024-11-11 10:18:59 [INFO] 生成密码哈希: 8d969eef6ecad3c29a3a629280e686cf0c3f5d5a86aff3ca12020c923adc6c92
2024-11-11 10:18:59 [INFO] 密码哈希值: 8d969eef6ecad3c29a3a629280e686cf0c3f5d5a86aff3ca12020c923adc6c92
2024-11-11 10:18:59 [INFO] 执行SQL: SELECT user_id, password_hash FROM users WHERE username = 'test1'
2024-11-11 10:18:59 [INFO] 数据库中的密码哈希: 8d969eef6ecad3c29a3a629280e686cf0c3f5d5a86aff3ca12020c923adc6c92
2024-11-11 10:18:59 [INFO] 密码验证成功，用户ID: 2
2024-11-11 10:18:59 [INFO] 用户登录成功: test1 (ID: 2)
2024-11-11 10:18:59 [INFO] 执行SQL: UPDATE users SET status = 1 WHERE user_id = 2
2024-11-11 10:18:59 [INFO] SQL执行成功
2024-11-11 10:18:59 [INFO] 用户 2 状态更新为: 在线
2024-11-11 10:18:59 [INFO] 发送登录响应 - 成功
2024-11-11 10:18:59 [INFO] 消息发送成功，长度: 136
2024-11-11 10:18:59 [INFO] 获取 0 条离线消息 - 用户2
2024-11-11 10:18:59 [INFO] 清除离线消息 - 用户2
2024-11-11 10:18:59 [INFO] 开始读取消息
2024-11-11 10:18:59 [INFO] 收到消息头，长度: 114
2024-11-11 10:18:59 [INFO] 收到消息，类型: 16
2024-11-11 10:18:59 [INFO] 开始读取消息
2024-11-11 10:19:31 [ERROR] 读取消息长度失败: End of file
2024-11-11 10:21:57 [INFO] 服务器启动中...
2024-11-11 10:21:57 [INFO] 数据库配置:
2024-11-11 10:21:57 [INFO] Host: localhost
2024-11-11 10:21:57 [INFO] Database: qq_db
2024-11-11 10:21:57 [INFO] User: root
2024-11-11 10:21:57 [INFO] 数据库连接成功
2024-11-11 10:21:57 [INFO] 数据库连接成功
2024-11-11 10:21:57 [INFO] 服务器启动成功，监听端口: 54321
2024-11-11 10:21:57 [INFO] 服务器启动在端口: 54321
2024-11-11 10:24:20 [INFO] 服务器启动中...
2024-11-11 10:24:20 [INFO] 数据库配置:
2024-11-11 10:24:20 [INFO] Host: localhost
2024-11-11 10:24:20 [INFO] Database: qq_db
2024-11-11 10:24:20 [INFO] User: root
2024-11-11 10:24:20 [INFO] 数据库连接成功
2024-11-11 10:24:20 [INFO] 数据库连接成功
2024-11-11 10:24:20 [INFO] 服务器启动成功，监听端口: 54321
2024-11-11 10:24:20 [INFO] 服务器启动在端口: 54321
2024-11-11 10:24:32 [INFO] 新客户端连接: 127.0.0.1:38130
2024-11-11 10:24:32 [INFO] 开始读取消息
2024-11-11 10:24:32 [INFO] 收到消息头，长度: 153
2024-11-11 10:24:32 [INFO] 收到消息，类型: 6
2024-11-11 10:24:32 [INFO] 处理登录请求
2024-11-11 10:24:32 [INFO] 登录尝试 - 用户名: test1
2024-11-11 10:24:32 [INFO] 验证用户登录 - 用户名: test1
2024-11-11 10:24:32 [INFO] 生成密码哈希: 8d969eef6ecad3c29a3a629280e686cf0c3f5d5a86aff3ca12020c923adc6c92
2024-11-11 10:24:32 [INFO] 密码哈希值: 8d969eef6ecad3c29a3a629280e686cf0c3f5d5a86aff3ca12020c923adc6c92
2024-11-11 10:24:32 [INFO] 执行SQL: SELECT user_id, password_hash FROM users WHERE username = 'test1'
2024-11-11 10:24:32 [INFO] 数据库中的密码哈希: 8d969eef6ecad3c29a3a629280e686cf0c3f5d5a86aff3ca12020c923adc6c92
2024-11-11 10:24:32 [INFO] 密码验证成功，用户ID: 2
2024-11-11 10:24:32 [INFO] 用户登录成功: test1 (ID: 2)
2024-11-11 10:24:32 [INFO] 执行SQL: UPDATE users SET status = 1 WHERE user_id = 2
2024-11-11 10:24:32 [INFO] SQL执行成功
2024-11-11 10:24:32 [INFO] 用户 2 状态更新为: 在线
2024-11-11 10:24:32 [INFO] 发送登录响应 - 成功
2024-11-11 10:24:32 [INFO] 消息发送成功，长度: 136
2024-11-11 10:24:32 [INFO] 获取 0 条离线消息 - 用户2
2024-11-11 10:24:32 [INFO] 清除离线消息 - 用户2
2024-11-11 10:24:32 [INFO] 开始读取消息
2024-11-11 10:24:32 [INFO] 收到消息头，长度: 114
2024-11-11 10:24:32 [INFO] 收到消息，类型: 16
2024-11-11 10:24:32 [INFO] 开始读取消息
2024-11-11 10:24:52 [INFO] 新客户端连接: 127.0.0.1:39738
2024-11-11 10:24:52 [INFO] 开始读取消息
2024-11-11 10:24:52 [ERROR] 读取消息长度失败: Operation canceled
2024-11-11 10:24:52 [INFO] 收到消息头，长度: 153
2024-11-11 10:24:52 [INFO] 收到消息，类型: 6
2024-11-11 10:24:52 [INFO] 处理登录请求
2024-11-11 10:24:52 [INFO] 登录尝试 - 用户名: test2
2024-11-11 10:24:52 [INFO] 验证用户登录 - 用户名: test2
2024-11-11 10:24:52 [INFO] 生成密码哈希: 8d969eef6ecad3c29a3a629280e686cf0c3f5d5a86aff3ca12020c923adc6c92
2024-11-11 10:24:52 [INFO] 密码哈希值: 8d969eef6ecad3c29a3a629280e686cf0c3f5d5a86aff3ca12020c923adc6c92
2024-11-11 10:24:52 [INFO] 执行SQL: SELECT user_id, password_hash FROM users WHERE username = 'test2'
2024-11-11 10:24:52 [INFO] 数据库中的密码哈希: 8d969eef6ecad3c29a3a629280e686cf0c3f5d5a86aff3ca12020c923adc6c92
2024-11-11 10:24:52 [INFO] 密码验证成功，用户ID: 3
2024-11-11 10:24:52 [INFO] 用户登录成功: test2 (ID: 3)
2024-11-11 10:24:52 [INFO] 执行SQL: UPDATE users SET status = 1 WHERE user_id = 3
2024-11-11 10:24:52 [INFO] SQL执行成功
2024-11-11 10:24:52 [INFO] 用户 3 状态更新为: 在线
2024-11-11 10:24:52 [INFO] 发送登录响应 - 成功
2024-11-11 10:24:52 [INFO] 消息发送成功，长度: 136
2024-11-11 10:24:52 [INFO] 获取 0 条离线消息 - 用户3
2024-11-11 10:24:52 [INFO] 清除离线消息 - 用户3
2024-11-11 10:24:52 [INFO] 开始读取消息
2024-11-11 10:24:53 [INFO] 收到消息头，长度: 114
2024-11-11 10:24:53 [INFO] 收到消息，类型: 16
2024-11-11 10:24:53 [INFO] 开始读取消息
2024-11-11 10:25:09 [INFO] 收到消息头，长度: 152
2024-11-11 10:25:09 [INFO] 收到消息，类型: 18
2024-11-11 10:25:09 [INFO] 开始读取消息
2024-11-11 10:25:15 [ERROR] 读取消息长度失败: End of file
2024-11-11 10:29:36 [INFO] 服务器启动中...
2024-11-11 10:29:36 [INFO] 数据库配置:
2024-11-11 10:29:36 [INFO] Host: localhost
2024-11-11 10:29:36 [INFO] Database: qq_db
2024-11-11 10:29:36 [INFO] User: root
2024-11-11 10:29:36 [INFO] 数据库连接成功
2024-11-11 10:29:36 [INFO] 数据库连接成功
2024-11-11 10:29:36 [INFO] 服务器启动成功，监听端口: 54321
2024-11-11 10:29:36 [INFO] 服务器启动在端口: 54321
2024-11-11 10:29:51 [INFO] 新客户端连接: 127.0.0.1:34128
2024-11-11 10:29:51 [INFO] 开始读取消息
2024-11-11 10:29:51 [INFO] 收到消息头，长度: 153
2024-11-11 10:29:51 [INFO] 收到消息，类型: 6
2024-11-11 10:29:51 [INFO] 处理登录请求
2024-11-11 10:29:51 [INFO] 登录尝试 - 用户名: test1
2024-11-11 10:29:51 [INFO] 验证用户登录 - 用户名: test1
2024-11-11 10:29:51 [INFO] 生成密码哈希: 8d969eef6ecad3c29a3a629280e686cf0c3f5d5a86aff3ca12020c923adc6c92
2024-11-11 10:29:51 [INFO] 密码哈希值: 8d969eef6ecad3c29a3a629280e686cf0c3f5d5a86aff3ca12020c923adc6c92
2024-11-11 10:29:51 [INFO] 执行SQL: SELECT user_id, password_hash FROM users WHERE username = 'test1'
2024-11-11 10:29:51 [INFO] 数据库中的密码哈希: 8d969eef6ecad3c29a3a629280e686cf0c3f5d5a86aff3ca12020c923adc6c92
2024-11-11 10:29:51 [INFO] 密码验证成功，用户ID: 2
2024-11-11 10:29:51 [INFO] 用户登录成功: test1 (ID: 2)
2024-11-11 10:29:51 [INFO] 执行SQL: UPDATE users SET status = 1 WHERE user_id = 2
2024-11-11 10:29:51 [INFO] SQL执行成功
2024-11-11 10:29:51 [INFO] 用户 2 状态更新为: 在线
2024-11-11 10:29:51 [INFO] 发送登录响应 - 成功
2024-11-11 10:29:51 [INFO] 消息发送成功，长度: 136
2024-11-11 10:29:51 [INFO] 获取 0 条离线消息 - 用户2
2024-11-11 10:29:51 [INFO] 清除离线消息 - 用户2
2024-11-11 10:29:51 [INFO] 开始读取消息
2024-11-11 10:29:52 [INFO] 收到消息头，长度: 114
2024-11-11 10:29:52 [INFO] 收到消息，类型: 16
2024-11-11 10:29:52 [INFO] 开始读取消息
2024-11-11 10:30:00 [INFO] 收到消息头，长度: 124
2024-11-11 10:30:00 [INFO] 收到消息，类型: 11
2024-11-11 10:30:00 [INFO] 开始读取消息
2024-11-11 10:30:00 [INFO] 收到消息头，长度: 124
2024-11-11 10:30:00 [INFO] 收到消息，类型: 11
2024-11-11 10:30:00 [INFO] 开始读取消息
2024-11-11 10:30:00 [INFO] 收到消息头，长度: 124
2024-11-11 10:30:00 [INFO] 收到消息，类型: 11
2024-11-11 10:30:00 [INFO] 开始读取消息
2024-11-11 10:30:00 [INFO] 收到消息头，长度: 124
2024-11-11 10:30:00 [INFO] 收到消息，类型: 11
2024-11-11 10:30:00 [INFO] 开始读取消息
2024-11-11 10:30:00 [INFO] 收到消息头，长度: 124
2024-11-11 10:30:00 [INFO] 收到消息，类型: 11
2024-11-11 10:30:00 [INFO] 开始读取消息
2024-11-11 10:30:00 [INFO] 收到消息头，长度: 124
2024-11-11 10:30:00 [INFO] 收到消息，类型: 11
2024-11-11 10:30:00 [INFO] 开始读取消息
2024-11-11 10:30:00 [INFO] 收到消息头，长度: 124
2024-11-11 10:30:00 [INFO] 收到消息，类型: 11
2024-11-11 10:30:00 [INFO] 开始读取消息
2024-11-11 10:30:00 [INFO] 收到消息头，长度: 124
2024-11-11 10:30:00 [INFO] 收到消息，类型: 11
2024-11-11 10:30:00 [INFO] 开始读取消息
2024-11-11 10:30:00 [INFO] 收到消息头，长度: 124
2024-11-11 10:30:00 [INFO] 收到消息，类型: 11
2024-11-11 10:30:00 [INFO] 开始读取消息
2024-11-11 10:30:00 [INFO] 收到消息头，长度: 124
2024-11-11 10:30:00 [INFO] 收到消息，类型: 11
2024-11-11 10:30:00 [INFO] 开始读取消息
2024-11-11 10:30:30 [INFO] 收到消息头，长度: 124
2024-11-11 10:30:30 [INFO] 收到消息，类型: 11
2024-11-11 10:30:30 [INFO] 开始读取消息
2024-11-11 10:30:30 [INFO] 收到消息头，长度: 124
2024-11-11 10:30:30 [INFO] 收到消息，类型: 11
2024-11-11 10:30:30 [INFO] 开始读取消息
2024-11-11 10:30:30 [INFO] 收到消息头，长度: 124
2024-11-11 10:30:30 [INFO] 收到消息，类型: 11
2024-11-11 10:30:30 [INFO] 开始读取消息
2024-11-11 10:30:30 [INFO] 收到消息头，长度: 124
2024-11-11 10:30:30 [INFO] 收到消息，类型: 11
2024-11-11 10:30:30 [INFO] 开始读取消息
2024-11-11 10:30:30 [INFO] 新客户端连接: 127.0.0.1:33278
2024-11-11 10:30:30 [INFO] 开始读取消息
2024-11-11 10:30:30 [ERROR] 读取消息长度失败: Operation canceled
2024-11-11 10:30:30 [INFO] 收到消息头，长度: 153
2024-11-11 10:30:30 [INFO] 收到消息，类型: 6
2024-11-11 10:30:30 [INFO] 处理登录请求
2024-11-11 10:30:30 [INFO] 登录尝试 - 用户名: test2
2024-11-11 10:30:30 [INFO] 验证用户登录 - 用户名: test2
2024-11-11 10:30:30 [INFO] 生成密码哈希: 8d969eef6ecad3c29a3a629280e686cf0c3f5d5a86aff3ca12020c923adc6c92
2024-11-11 10:30:30 [INFO] 密码哈希值: 8d969eef6ecad3c29a3a629280e686cf0c3f5d5a86aff3ca12020c923adc6c92
2024-11-11 10:30:30 [INFO] 执行SQL: SELECT user_id, password_hash FROM users WHERE username = 'test2'
2024-11-11 10:30:30 [INFO] 数据库中的密码哈希: 8d969eef6ecad3c29a3a629280e686cf0c3f5d5a86aff3ca12020c923adc6c92
2024-11-11 10:30:30 [INFO] 密码验证成功，用户ID: 3
2024-11-11 10:30:30 [INFO] 用户登录成功: test2 (ID: 3)
2024-11-11 10:30:30 [INFO] 执行SQL: UPDATE users SET status = 1 WHERE user_id = 3
2024-11-11 10:30:30 [INFO] SQL执行成功
2024-11-11 10:30:30 [INFO] 用户 3 状态更新为: 在线
2024-11-11 10:30:30 [INFO] 发送登录响应 - 成功
2024-11-11 10:30:30 [INFO] 消息发送成功，长度: 136
2024-11-11 10:30:30 [INFO] 获取 0 条离线消息 - 用户3
2024-11-11 10:30:30 [INFO] 清除离线消息 - 用户3
2024-11-11 10:30:30 [INFO] 开始读取消息
2024-11-11 10:30:30 [INFO] 收到消息头，长度: 124
2024-11-11 10:30:30 [INFO] 收到消息，类型: 11
2024-11-11 10:30:30 [INFO] 开始读取消息
2024-11-11 10:30:30 [INFO] 收到消息头，长度: 124
2024-11-11 10:30:30 [INFO] 收到消息，类型: 11
2024-11-11 10:30:30 [INFO] 开始读取消息
2024-11-11 10:30:30 [INFO] 收到消息头，长度: 124
2024-11-11 10:30:30 [INFO] 收到消息，类型: 11
2024-11-11 10:30:30 [INFO] 开始读取消息
2024-11-11 10:30:30 [INFO] 收到消息头，长度: 114
2024-11-11 10:30:30 [INFO] 收到消息，类型: 16
2024-11-11 10:30:30 [INFO] 开始读取消息
2024-11-11 10:30:30 [INFO] 收到消息头，长度: 124
2024-11-11 10:30:30 [INFO] 收到消息，类型: 11
2024-11-11 10:30:30 [INFO] 开始读取消息
2024-11-11 10:30:30 [INFO] 收到消息头，长度: 124
2024-11-11 10:30:30 [INFO] 收到消息，类型: 11
2024-11-11 10:30:30 [INFO] 开始读取消息
2024-11-11 10:30:30 [INFO] 收到消息头，长度: 124
2024-11-11 10:30:30 [INFO] 收到消息，类型: 11
2024-11-11 10:30:30 [INFO] 开始读取消息
2024-11-11 10:30:30 [INFO] 收到消息头，长度: 124
2024-11-11 10:30:30 [INFO] 收到消息，类型: 11
2024-11-11 10:30:30 [INFO] 开始读取消息
2024-11-11 10:31:00 [INFO] 收到消息头，长度: 124
2024-11-11 10:31:00 [INFO] 收到消息，类型: 11
2024-11-11 10:31:00 [INFO] 开始读取消息
2024-11-11 10:31:00 [INFO] 收到消息头，长度: 124
2024-11-11 10:31:00 [INFO] 收到消息，类型: 11
2024-11-11 10:31:00 [INFO] 开始读取消息
2024-11-11 10:31:00 [INFO] 收到消息头，长度: 124
2024-11-11 10:31:00 [INFO] 收到消息，类型: 11
2024-11-11 10:31:00 [INFO] 开始读取消息
2024-11-11 10:31:00 [INFO] 收到消息头，长度: 124
2024-11-11 10:31:00 [INFO] 收到消息，类型: 11
2024-11-11 10:31:00 [INFO] 开始读取消息
2024-11-11 10:31:00 [INFO] 收到消息头，长度: 124
2024-11-11 10:31:00 [INFO] 收到消息，类型: 11
2024-11-11 10:31:00 [INFO] 开始读取消息
2024-11-11 10:31:00 [INFO] 收到消息头，长度: 124
2024-11-11 10:31:00 [INFO] 收到消息，类型: 11
2024-11-11 10:31:00 [INFO] 开始读取消息
2024-11-11 10:31:00 [INFO] 收到消息头，长度: 124
2024-11-11 10:31:00 [INFO] 收到消息，类型: 11
2024-11-11 10:31:00 [INFO] 开始读取消息
2024-11-11 10:31:00 [INFO] 收到消息头，长度: 124
2024-11-11 10:31:00 [INFO] 收到消息，类型: 11
2024-11-11 10:31:00 [INFO] 开始读取消息
2024-11-11 10:31:00 [INFO] 收到消息头，长度: 124
2024-11-11 10:31:00 [INFO] 收到消息，类型: 11
2024-11-11 10:31:00 [INFO] 开始读取消息
2024-11-11 10:31:00 [INFO] 收到消息头，长度: 124
2024-11-11 10:31:00 [INFO] 收到消息，类型: 11
2024-11-11 10:31:00 [INFO] 开始读取消息
2024-11-11 10:31:10 [INFO] 收到消息头，长度: 152
2024-11-11 10:31:10 [INFO] 收到消息，类型: 18
2024-11-11 10:31:10 [INFO] 开始读取消息
2024-11-11 10:31:24 [ERROR] 读取消息长度失败: End of file
2024-11-11 10:37:54 [INFO] 服务器启动中...
2024-11-11 10:37:54 [INFO] 数据库配置:
2024-11-11 10:37:54 [INFO] Host: localhost
2024-11-11 10:37:54 [INFO] Database: qq_db
2024-11-11 10:37:54 [INFO] User: root
2024-11-11 10:37:54 [INFO] 数据库连接成功
2024-11-11 10:37:54 [INFO] 数据库连接成功
2024-11-11 10:37:54 [INFO] 服务器启动成功，监听端口: 54321
2024-11-11 10:37:54 [INFO] 服务器启动在端口: 54321
2024-11-11 10:38:05 [INFO] 新客户端连接: 127.0.0.1:43524
2024-11-11 10:38:05 [INFO] 开始读取消息
2024-11-11 10:38:05 [INFO] 收到消息头，长度: 153
2024-11-11 10:38:05 [INFO] 收到消息，类型: 6
2024-11-11 10:38:05 [INFO] 处理登录请求
2024-11-11 10:38:05 [INFO] 登录尝试 - 用户名: test1
2024-11-11 10:38:05 [INFO] 验证用户登录 - 用户名: test1
2024-11-11 10:38:05 [INFO] 生成密码哈希: 8d969eef6ecad3c29a3a629280e686cf0c3f5d5a86aff3ca12020c923adc6c92
2024-11-11 10:38:05 [INFO] 密码哈希值: 8d969eef6ecad3c29a3a629280e686cf0c3f5d5a86aff3ca12020c923adc6c92
2024-11-11 10:38:05 [INFO] 执行SQL: SELECT user_id, password_hash FROM users WHERE username = 'test1'
2024-11-11 10:38:05 [INFO] 数据库中的密码哈希: 8d969eef6ecad3c29a3a629280e686cf0c3f5d5a86aff3ca12020c923adc6c92
2024-11-11 10:38:05 [INFO] 密码验证成功，用户ID: 2
2024-11-11 10:38:05 [INFO] 用户登录成功: test1 (ID: 2)
2024-11-11 10:38:05 [INFO] 执行SQL: UPDATE users SET status = 1 WHERE user_id = 2
2024-11-11 10:38:05 [INFO] SQL执行成功
2024-11-11 10:38:05 [INFO] 用户 2 状态更新为: 在线
2024-11-11 10:38:05 [INFO] 发送登录响应 - 成功
2024-11-11 10:38:05 [INFO] 消息发送成功，长度: 136
2024-11-11 10:38:05 [INFO] 获取 0 条离线消息 - 用户2
2024-11-11 10:38:05 [INFO] 清除离线消息 - 用户2
2024-11-11 10:38:05 [INFO] 开始读取消息
2024-11-11 10:38:05 [INFO] 收到消息头，长度: 114
2024-11-11 10:38:05 [INFO] 收到消息，类型: 16
2024-11-11 10:38:05 [INFO] 开始读取消息
2024-11-11 10:38:21 [INFO] 新客户端连接: 127.0.0.1:48662
2024-11-11 10:38:21 [INFO] 开始读取消息
2024-11-11 10:38:21 [ERROR] 读取消息长度失败: Operation canceled
2024-11-11 10:38:21 [INFO] 收到消息头，长度: 153
2024-11-11 10:38:21 [INFO] 收到消息，类型: 6
2024-11-11 10:38:21 [INFO] 处理登录请求
2024-11-11 10:38:21 [INFO] 登录尝试 - 用户名: test2
2024-11-11 10:38:21 [INFO] 验证用户登录 - 用户名: test2
2024-11-11 10:38:21 [INFO] 生成密码哈希: 8d969eef6ecad3c29a3a629280e686cf0c3f5d5a86aff3ca12020c923adc6c92
2024-11-11 10:38:21 [INFO] 密码哈希值: 8d969eef6ecad3c29a3a629280e686cf0c3f5d5a86aff3ca12020c923adc6c92
2024-11-11 10:38:21 [INFO] 执行SQL: SELECT user_id, password_hash FROM users WHERE username = 'test2'
2024-11-11 10:38:21 [INFO] 数据库中的密码哈希: 8d969eef6ecad3c29a3a629280e686cf0c3f5d5a86aff3ca12020c923adc6c92
2024-11-11 10:38:21 [INFO] 密码验证成功，用户ID: 3
2024-11-11 10:38:21 [INFO] 用户登录成功: test2 (ID: 3)
2024-11-11 10:38:21 [INFO] 执行SQL: UPDATE users SET status = 1 WHERE user_id = 3
2024-11-11 10:38:21 [INFO] SQL执行成功
2024-11-11 10:38:21 [INFO] 用户 3 状态更新为: 在线
2024-11-11 10:38:21 [INFO] 发送登录响应 - 成功
2024-11-11 10:38:21 [INFO] 消息发送成功，长度: 136
2024-11-11 10:38:21 [INFO] 获取 0 条离线消息 - 用户3
2024-11-11 10:38:21 [INFO] 清除离线消息 - 用户3
2024-11-11 10:38:21 [INFO] 开始读取消息
2024-11-11 10:38:21 [INFO] 新客户端连接: 127.0.0.1:48672
2024-11-11 10:38:21 [INFO] 开始读取消息
2024-11-11 10:38:21 [INFO] 收到消息头，长度: 114
2024-11-11 10:38:21 [INFO] 收到消息，类型: 16
2024-11-11 10:38:21 [INFO] 开始读取消息
2024-11-11 10:38:30 [INFO] 收到消息头，长度: 152
2024-11-11 10:38:30 [INFO] 收到消息，类型: 18
2024-11-11 10:38:30 [INFO] 开始读取消息
2024-11-11 10:38:35 [INFO] 收到消息头，长度: 124
2024-11-11 10:38:35 [INFO] 收到消息，类型: 11
2024-11-11 10:38:35 [INFO] 开始读取消息
2024-11-11 10:38:51 [INFO] 收到消息头，长度: 124
2024-11-11 10:38:51 [INFO] 收到消息，类型: 11
2024-11-11 10:38:51 [INFO] 开始读取消息
2024-11-11 10:38:52 [ERROR] 读取消息长度失败: End of file
2024-11-11 10:38:56 [ERROR] 读取消息长度失败: End of file
